0 info it worked if it ends with ok
1 verbose cli [ 'C:\\Program Files\\nodejs\\node.exe',
1 verbose cli   'C:\\Program Files\\nodejs\\node_modules\\npm\\bin\\npm-cli.js',
1 verbose cli   'i',
1 verbose cli   'protactor',
1 verbose cli   '--save-dev' ]
2 info using npm@2.14.4
3 info using node@v4.1.1
4 verbose install initial load of C:\mockingbird\ngClient\package.json
5 warn package.json mockingbird@0.1.0 No description
6 warn package.json mockingbird@0.1.0 No repository field.
7 warn package.json mockingbird@0.1.0 No README data
8 warn package.json mockingbird@0.1.0 No license field.
9 verbose installManyTop reading scoped package data from C:\mockingbird\ngClient\node_modules\bower\package.json
10 verbose installManyTop reading scoped package data from C:\mockingbird\ngClient\node_modules\gulp\package.json
11 verbose installManyTop reading scoped package data from C:\mockingbird\ngClient\node_modules\gulp-connect\package.json
12 verbose readDependencies loading dependencies from C:\mockingbird\ngClient\package.json
13 silly cache add args [ 'protactor', null ]
14 verbose cache add spec protactor
15 silly cache add parsed spec Result {
15 silly cache add   raw: 'protactor',
15 silly cache add   scope: null,
15 silly cache add   name: 'protactor',
15 silly cache add   rawSpec: '',
15 silly cache add   spec: '*',
15 silly cache add   type: 'range' }
16 silly addNamed protactor@*
17 verbose addNamed "*" is a valid semver range for protactor
18 silly addNameRange { name: 'protactor', range: '*', hasData: false }
19 silly mapToRegistry name protactor
20 silly mapToRegistry using default registry
21 silly mapToRegistry registry https://registry.npmjs.org/
22 silly mapToRegistry uri https://registry.npmjs.org/protactor
23 verbose addNameRange registry:https://registry.npmjs.org/protactor not in flight; fetching
24 verbose request uri https://registry.npmjs.org/protactor
25 verbose request no auth needed
26 info attempt registry request try #1 at 21:49:01
27 verbose request id e63bd1118e76c1c8
28 http request GET https://registry.npmjs.org/protactor
29 http 404 https://registry.npmjs.org/protactor
30 verbose headers { 'content-type': 'application/json',
30 verbose headers   'cache-control': 'max-age=0',
30 verbose headers   'content-length': '2',
30 verbose headers   'accept-ranges': 'bytes',
30 verbose headers   date: 'Tue, 27 Oct 2015 02:49:02 GMT',
30 verbose headers   via: '1.1 varnish',
30 verbose headers   age: '0',
30 verbose headers   connection: 'keep-alive',
30 verbose headers   'x-served-by': 'cache-jfk1031-JFK',
30 verbose headers   'x-cache': 'MISS',
30 verbose headers   'x-cache-hits': '0',
30 verbose headers   'x-timer': 'S1445914142.484534,VS0,VE23' }
31 silly get cb [ 404,
31 silly get   { 'content-type': 'application/json',
31 silly get     'cache-control': 'max-age=0',
31 silly get     'content-length': '2',
31 silly get     'accept-ranges': 'bytes',
31 silly get     date: 'Tue, 27 Oct 2015 02:49:02 GMT',
31 silly get     via: '1.1 varnish',
31 silly get     age: '0',
31 silly get     connection: 'keep-alive',
31 silly get     'x-served-by': 'cache-jfk1031-JFK',
31 silly get     'x-cache': 'MISS',
31 silly get     'x-cache-hits': '0',
31 silly get     'x-timer': 'S1445914142.484534,VS0,VE23' } ]
32 verbose stack Error: Registry returned 404 for GET on https://registry.npmjs.org/protactor
32 verbose stack     at makeError (C:\Program Files\nodejs\node_modules\npm\node_modules\npm-registry-client\lib\request.js:263:12)
32 verbose stack     at CachingRegistryClient.<anonymous> (C:\Program Files\nodejs\node_modules\npm\node_modules\npm-registry-client\lib\request.js:241:14)
32 verbose stack     at Request._callback (C:\Program Files\nodejs\node_modules\npm\node_modules\npm-registry-client\lib\request.js:171:14)
32 verbose stack     at Request.self.callback (C:\Program Files\nodejs\node_modules\npm\node_modules\request\request.js:198:22)
32 verbose stack     at emitTwo (events.js:87:13)
32 verbose stack     at Request.emit (events.js:172:7)
32 verbose stack     at Request.<anonymous> (C:\Program Files\nodejs\node_modules\npm\node_modules\request\request.js:1073:14)
32 verbose stack     at emitOne (events.js:82:20)
32 verbose stack     at Request.emit (events.js:169:7)
32 verbose stack     at IncomingMessage.<anonymous> (C:\Program Files\nodejs\node_modules\npm\node_modules\request\request.js:1019:12)
33 verbose statusCode 404
34 verbose pkgid protactor
35 verbose cwd C:\mockingbird\ngClient
36 error Windows_NT 10.0.10240
37 error argv "C:\\Program Files\\nodejs\\node.exe" "C:\\Program Files\\nodejs\\node_modules\\npm\\bin\\npm-cli.js" "i" "protactor" "--save-dev"
38 error node v4.1.1
39 error npm  v2.14.4
40 error code E404
41 error 404 Registry returned 404 for GET on https://registry.npmjs.org/protactor
41 error 404
41 error 404 'protactor' is not in the npm registry.
41 error 404 You should bug the author to publish it (or use the name yourself!)
41 error 404 It was specified as a dependency of 'mockingbird'
41 error 404
41 error 404 Note that you can also install from a
41 error 404 tarball, folder, http url, or git url.
42 verbose exit [ 1, true ]
